# JRE version: OpenJDK Runtime Environment (8.0_91-b14) (build 1.8.0_91-8u91-b14-3ubuntu1~16.04.1-b14)
# Java VM: OpenJDK 64-Bit Server VM (25.91-b14 mixed mode linux-amd64 compressed oops)
Heap:
 PSYoungGen      total 284672K, used 181629K [0x00000000d7f80000, 0x00000000edb00000, 0x0000000100000000)
  eden space 263680K, 68% used [0x00000000d7f80000,0x00000000e30df578,0x00000000e8100000)
  from space 20992K, 0% used [0x00000000e9500000,0x00000000e9500000,0x00000000ea980000)
  to   space 20480K, 0% used [0x00000000e8100000,0x00000000e8100000,0x00000000e9500000)
 ParOldGen       total 133120K, used 26997K [0x0000000087e00000, 0x0000000090000000, 0x00000000d7f80000)
  object space 133120K, 20% used [0x0000000087e00000,0x000000008985d4b8,0x0000000090000000)
 Metaspace       used 55822K, capacity 59414K, committed 59608K, reserved 1101824K
  class space    used 6646K, capacity 7775K, committed 7896K, reserved 1048576K
GC Heap History (10 events):
Event: 4,795 GC heap before
{Heap before GC invocations=7 (full 1):
 PSYoungGen      total 130048K, used 55739K [0x00000000d7f80000, 0x00000000e9180000, 0x0000000100000000)
  eden space 124928K, 44% used [0x00000000d7f80000,0x00000000db5eece0,0x00000000df980000)
  from space 5120K, 0% used [0x00000000df980000,0x00000000df980000,0x00000000dfe80000)
  to   space 15360K, 0% used [0x00000000e8280000,0x00000000e8280000,0x00000000e9180000)
 ParOldGen       total 75264K, used 21115K [0x0000000087e00000, 0x000000008c780000, 0x00000000d7f80000)
  object space 75264K, 28% used [0x0000000087e00000,0x000000008929eda0,0x000000008c780000)
 Metaspace       used 33063K, capacity 35344K, committed 35416K, reserved 1079296K
  class space    used 3924K, capacity 4646K, committed 4696K, reserved 1048576K
Event: 4,824 GC heap after
Heap after GC invocations=7 (full 1):
 PSYoungGen      total 209408K, used 15335K [0x00000000d7f80000, 0x00000000e9180000, 0x0000000100000000)
  eden space 194048K, 0% used [0x00000000d7f80000,0x00000000d7f80000,0x00000000e3d00000)
  from space 15360K, 99% used [0x00000000e8280000,0x00000000e9179c10,0x00000000e9180000)
  to   space 18432K, 0% used [0x00000000e6d80000,0x00000000e6d80000,0x00000000e7f80000)
 ParOldGen       total 75264K, used 22626K [0x0000000087e00000, 0x000000008c780000, 0x00000000d7f80000)
  object space 75264K, 30% used [0x0000000087e00000,0x0000000089418928,0x000000008c780000)
 Metaspace       used 33063K, capacity 35344K, committed 35416K, reserved 1079296K
  class space    used 3924K, capacity 4646K, committed 4696K, reserved 1048576K
}
Event: 4,824 GC heap before
{Heap before GC invocations=8 (full 2):
 PSYoungGen      total 209408K, used 15335K [0x00000000d7f80000, 0x00000000e9180000, 0x0000000100000000)
  eden space 194048K, 0% used [0x00000000d7f80000,0x00000000d7f80000,0x00000000e3d00000)
  from space 15360K, 99% used [0x00000000e8280000,0x00000000e9179c10,0x00000000e9180000)
  to   space 18432K, 0% used [0x00000000e6d80000,0x00000000e6d80000,0x00000000e7f80000)
 ParOldGen       total 75264K, used 22626K [0x0000000087e00000, 0x000000008c780000, 0x00000000d7f80000)
  object space 75264K, 30% used [0x0000000087e00000,0x0000000089418928,0x000000008c780000)
 Metaspace       used 33063K, capacity 35344K, committed 35416K, reserved 1079296K
  class space    used 3924K, capacity 4646K, committed 4696K, reserved 1048576K
Event: 4,941 GC heap after
Heap after GC invocations=8 (full 2):
 PSYoungGen      total 209408K, used 0K [0x00000000d7f80000, 0x00000000e9180000, 0x0000000100000000)
  eden space 194048K, 0% used [0x00000000d7f80000,0x00000000d7f80000,0x00000000e3d00000)
  from space 15360K, 0% used [0x00000000e8280000,0x00000000e8280000,0x00000000e9180000)
  to   space 18432K, 0% used [0x00000000e6d80000,0x00000000e6d80000,0x00000000e7f80000)
 ParOldGen       total 107008K, used 26999K [0x0000000087e00000, 0x000000008e680000, 0x00000000d7f80000)
  object space 107008K, 25% used [0x0000000087e00000,0x000000008985dcc0,0x000000008e680000)
 Metaspace       used 33063K, capacity 35344K, committed 35416K, reserved 1079296K
  class space    used 3924K, capacity 4646K, committed 4696K, reserved 1048576K
}
Event: 118,629 GC heap before
{Heap before GC invocations=9 (full 2):
 PSYoungGen      total 209408K, used 194048K [0x00000000d7f80000, 0x00000000e9180000, 0x0000000100000000)
  eden space 194048K, 100% used [0x00000000d7f80000,0x00000000e3d00000,0x00000000e3d00000)
  from space 15360K, 0% used [0x00000000e8280000,0x00000000e8280000,0x00000000e9180000)
  to   space 18432K, 0% used [0x00000000e6d80000,0x00000000e6d80000,0x00000000e7f80000)
 ParOldGen       total 107008K, used 26999K [0x0000000087e00000, 0x000000008e680000, 0x00000000d7f80000)
  object space 107008K, 25% used [0x0000000087e00000,0x000000008985dcc0,0x000000008e680000)
 Metaspace       used 50263K, capacity 53578K, committed 53848K, reserved 1095680K
  class space    used 6150K, capacity 7246K, committed 7256K, reserved 1048576K
Event: 118,650 GC heap after
Heap after GC invocations=9 (full 2):
 PSYoungGen      total 262144K, used 18419K [0x00000000d7f80000, 0x00000000ea980000, 0x0000000100000000)
  eden space 243712K, 0% used [0x00000000d7f80000,0x00000000d7f80000,0x00000000e6d80000)
  from space 18432K, 99% used [0x00000000e6d80000,0x00000000e7f7cea8,0x00000000e7f80000)
  to   space 20992K, 0% used [0x00000000e9500000,0x00000000e9500000,0x00000000ea980000)
 ParOldGen       total 107008K, used 27306K [0x0000000087e00000, 0x000000008e680000, 0x00000000d7f80000)
  object space 107008K, 25% used [0x0000000087e00000,0x00000000898aa870,0x000000008e680000)
 Metaspace       used 50263K, capacity 53578K, committed 53848K, reserved 1095680K
  class space    used 6150K, capacity 7246K, committed 7256K, reserved 1048576K
}
Event: 529,646 GC heap before
{Heap before GC invocations=10 (full 2):
 PSYoungGen      total 262144K, used 190511K [0x00000000d7f80000, 0x00000000ea980000, 0x0000000100000000)
  eden space 243712K, 70% used [0x00000000d7f80000,0x00000000e278f0a8,0x00000000e6d80000)
  from space 18432K, 99% used [0x00000000e6d80000,0x00000000e7f7cea8,0x00000000e7f80000)
  to   space 20992K, 0% used [0x00000000e9500000,0x00000000e9500000,0x00000000ea980000)
 ParOldGen       total 107008K, used 27306K [0x0000000087e00000, 0x000000008e680000, 0x00000000d7f80000)
  object space 107008K, 25% used [0x0000000087e00000,0x00000000898aa870,0x000000008e680000)
 Metaspace       used 55094K, capacity 58820K, committed 59028K, reserved 1099776K
  class space    used 6631K, capacity 7772K, committed 7896K, reserved 1048576K
Event: 529,664 GC heap after
Heap after GC invocations=10 (full 2):
 PSYoungGen      total 284672K, used 10684K [0x00000000d7f80000, 0x00000000edb00000, 0x0000000100000000)
  eden space 263680K, 0% used [0x00000000d7f80000,0x00000000d7f80000,0x00000000e8100000)
  from space 20992K, 50% used [0x00000000e9500000,0x00000000e9f6f248,0x00000000ea980000)
  to   space 20480K, 0% used [0x00000000e8100000,0x00000000e8100000,0x00000000e9500000)
 ParOldGen       total 107008K, used 27314K [0x0000000087e00000, 0x000000008e680000, 0x00000000d7f80000)
  object space 107008K, 25% used [0x0000000087e00000,0x00000000898ac870,0x000000008e680000)
 Metaspace       used 55094K, capacity 58820K, committed 59028K, reserved 1099776K
  class space    used 6631K, capacity 7772K, committed 7896K, reserved 1048576K
}
Event: 529,664 GC heap before
{Heap before GC invocations=11 (full 3):
 PSYoungGen      total 284672K, used 10684K [0x00000000d7f80000, 0x00000000edb00000, 0x0000000100000000)
  eden space 263680K, 0% used [0x00000000d7f80000,0x00000000d7f80000,0x00000000e8100000)
  from space 20992K, 50% used [0x00000000e9500000,0x00000000e9f6f248,0x00000000ea980000)
  to   space 20480K, 0% used [0x00000000e8100000,0x00000000e8100000,0x00000000e9500000)
 ParOldGen       total 107008K, used 27314K [0x0000000087e00000, 0x000000008e680000, 0x00000000d7f80000)
  object space 107008K, 25% used [0x0000000087e00000,0x00000000898ac870,0x000000008e680000)
 Metaspace       used 55094K, capacity 58820K, committed 59028K, reserved 1099776K
  class space    used 6631K, capacity 7772K, committed 7896K, reserved 1048576K
Event: 529,840 GC heap after
Heap after GC invocations=11 (full 3):
 PSYoungGen      total 284672K, used 0K [0x00000000d7f80000, 0x00000000edb00000, 0x0000000100000000)
  eden space 263680K, 0% used [0x00000000d7f80000,0x00000000d7f80000,0x00000000e8100000)
  from space 20992K, 0% used [0x00000000e9500000,0x00000000e9500000,0x00000000ea980000)
  to   space 20480K, 0% used [0x00000000e8100000,0x00000000e8100000,0x00000000e9500000)
 ParOldGen       total 133120K, used 26997K [0x0000000087e00000, 0x0000000090000000, 0x00000000d7f80000)
  object space 133120K, 20% used [0x0000000087e00000,0x000000008985d4b8,0x0000000090000000)
 Metaspace       used 55094K, capacity 58820K, committed 59028K, reserved 1099776K
  class space    used 6631K, capacity 7772K, committed 7896K, reserved 1048576K
}

